<?xml version="1.0" encoding="UTF-8"?>
<!-- Generated by org.testng.reporters.JUnitReportReporter -->
<testsuite hostname="inbl01lap7206" failures="0" tests="1" name="DeleteRequest.Project_DeleteRequest" time="1.042" errors="0" timestamp="2022-02-19T18:32:48 IST" skipped="0">
  <testcase classname="DeleteRequest.Project_DeleteRequest" name="Delete_Request" time="1.042"/>
  <system-out/>
</testsuite> <!-- DeleteRequest.Project_DeleteRequest -->
