<?xml version="1.0" encoding="UTF-8"?>
<!-- Generated by org.testng.reporters.JUnitReportReporter -->
<testsuite hostname="inbl01lap7206" failures="0" tests="1" name="PostRequest.Project_PostRequest" time="3.279" errors="0" timestamp="2022-02-19T18:32:48 IST" skipped="0">
  <testcase classname="PostRequest.Project_PostRequest" name="Post_Request" time="3.279"/>
  <system-out/>
</testsuite> <!-- PostRequest.Project_PostRequest -->
