<?xml version="1.0" encoding="UTF-8"?>
<!-- Generated by org.testng.reporters.JUnitReportReporter -->
<testsuite hostname="inbl01lap7206" failures="0" tests="4" name="testcases.TestCases" time="21.497" errors="0" timestamp="18 Feb 2022 15:32:01 GMT" skipped="0">
  <testcase classname="testcases.TestCases" name="Sign_in" time="4.069"/>
  <testcase classname="testcases.TestCases" name="CaptureVitals" time="11.855"/>
  <testcase classname="testcases.TestCases" name="HomePage" time="0.043"/>
  <testcase classname="testcases.TestCases" name="AppointmentScheduling" time="5.530"/>
</testsuite> <!-- testcases.TestCases -->
